20230425-01:19:52.812399000 : Created session
20230425-01:19:52.813015000 : Connecting to localhost on port 16001 (Source :0)
20230425-01:19:52.813786000 : Initiated logon request
20230425-01:20:02.810849000 : Timed out waiting for logon response
20230425-01:20:02.810883000 : Disconnecting
20230425-01:20:02.811424000 : Initiated logon request
20230425-01:20:22.782116000 : Connecting to localhost on port 16001 (Source :0)
20230425-01:20:22.785695000 : Initiated logon request
20230425-01:20:32.759840000 : Timed out waiting for logon response
20230425-01:20:32.759860000 : Disconnecting
20230425-01:20:32.760313000 : Initiated logon request
20230425-01:20:52.692047000 : Connecting to localhost on port 16001 (Source :0)
20230425-01:20:52.692494000 : Initiated logon request
20230425-01:21:02.646075000 : Timed out waiting for logon response
20230425-01:21:02.646095000 : Disconnecting
20230425-01:21:02.646616000 : Initiated logon request
20230425-01:21:22.533273000 : Connecting to localhost on port 16001 (Source :0)
20230425-01:21:22.534223000 : Initiated logon request
20230425-01:21:32.463725000 : Timed out waiting for logon response
20230425-01:21:32.463751000 : Disconnecting
20230425-01:21:32.464303000 : Initiated logon request
20230425-01:21:52.298244000 : Connecting to localhost on port 16001 (Source :0)
20230425-01:21:52.298731000 : Initiated logon request
20230425-01:22:02.205418000 : Timed out waiting for logon response
20230425-01:22:02.205461000 : Disconnecting
20230425-01:22:02.206437000 : Initiated logon request
20230425-01:22:22.974091000 : Connecting to localhost on port 16001 (Source :0)
20230425-01:22:22.974517000 : Initiated logon request
20230425-01:22:32.854077000 : Timed out waiting for logon response
20230425-01:22:32.854102000 : Disconnecting
20230425-01:22:32.854549000 : Initiated logon request
20230425-01:22:52.592641000 : Connecting to localhost on port 16001 (Source :0)
20230425-01:22:52.593134000 : Initiated logon request
20230425-01:23:02.449070000 : Timed out waiting for logon response
20230425-01:23:02.449091000 : Disconnecting
20230425-01:23:02.449600000 : Initiated logon request
20230425-01:23:22.138094000 : Connecting to localhost on port 16001 (Source :0)
20230425-01:23:22.138590000 : Initiated logon request
20230425-01:23:32.957058000 : Timed out waiting for logon response
20230425-01:23:32.957077000 : Disconnecting
20230425-01:23:32.957568000 : Initiated logon request
20230425-01:23:52.608020000 : Connecting to localhost on port 16001 (Source :0)
20230425-01:23:52.608455000 : Initiated logon request
20230425-01:24:02.421014000 : Timed out waiting for logon response
20230425-01:24:02.421056000 : Disconnecting
20230425-01:24:02.421538000 : Initiated logon request
20230425-01:24:22.027294000 : Connecting to localhost on port 16001 (Source :0)
20230425-01:24:22.027748000 : Initiated logon request
20230425-01:24:32.800241000 : Timed out waiting for logon response
20230425-01:24:32.800267000 : Disconnecting
20230425-01:24:32.800744000 : Initiated logon request
20230425-01:24:52.362516000 : Connecting to localhost on port 16001 (Source :0)
20230425-01:24:52.362954000 : Initiated logon request
20230425-01:25:02.133007000 : Timed out waiting for logon response
20230425-01:25:02.133035000 : Disconnecting
20230425-01:25:02.133545000 : Initiated logon request
20230425-01:25:22.628930000 : Connecting to localhost on port 16001 (Source :0)
20230425-01:25:22.629434000 : Initiated logon request
20230425-01:25:32.374842000 : Timed out waiting for logon response
20230425-01:25:32.374858000 : Disconnecting
20230425-01:25:32.375292000 : Initiated logon request
20230425-01:25:52.820343000 : Connecting to localhost on port 16001 (Source :0)
20230425-01:25:52.820901000 : Initiated logon request
20230425-01:26:02.546216000 : Timed out waiting for logon response
20230425-01:26:02.546241000 : Disconnecting
20230425-01:26:02.546702000 : Initiated logon request
20230425-01:26:22.946116000 : Connecting to localhost on port 16001 (Source :0)
20230425-01:26:22.946529000 : Initiated logon request
20230425-01:26:32.650231000 : Timed out waiting for logon response
20230425-01:26:32.650253000 : Disconnecting
20230425-01:26:32.650745000 : Initiated logon request
20230425-01:26:52.035793000 : Connecting to localhost on port 16001 (Source :0)
20230425-01:26:52.036350000 : Initiated logon request
20230425-01:27:02.687048000 : Timed out waiting for logon response
20230425-01:27:02.687081000 : Disconnecting
20230425-01:27:02.687494000 : Initiated logon request
20230425-01:27:22.029518000 : Connecting to localhost on port 16001 (Source :0)
20230425-01:27:22.029961000 : Initiated logon request
20230425-01:27:32.656131000 : Timed out waiting for logon response
20230425-01:27:32.656157000 : Disconnecting
20230425-01:27:32.656597000 : Initiated logon request
20230425-01:27:52.922129000 : Connecting to localhost on port 16001 (Source :0)
20230425-01:27:52.922603000 : Initiated logon request
20230425-01:28:02.562113000 : Timed out waiting for logon response
20230425-01:28:02.562143000 : Disconnecting
20230425-01:28:02.563459000 : Initiated logon request
20230425-01:28:22.770492000 : Connecting to localhost on port 16001 (Source :0)
20230425-01:28:22.770910000 : Initiated logon request
20230425-01:28:32.382632000 : Timed out waiting for logon response
20230425-01:28:32.382651000 : Disconnecting
20230425-01:28:32.383064000 : Initiated logon request
20230425-01:28:52.551770000 : Connecting to localhost on port 16001 (Source :0)
20230425-01:28:52.552239000 : Initiated logon request
20230425-01:29:02.143642000 : Timed out waiting for logon response
20230425-01:29:02.143667000 : Disconnecting
20230425-01:29:02.144126000 : Initiated logon request
20230425-01:29:22.266951000 : Connecting to localhost on port 16001 (Source :0)
20230425-01:29:22.267435000 : Initiated logon request
20230425-01:29:32.795633000 : Timed out waiting for logon response
20230425-01:29:32.795660000 : Disconnecting
20230425-01:29:32.796251000 : Initiated logon request
20230425-01:29:52.871356000 : Connecting to localhost on port 16001 (Source :0)
20230425-01:29:52.871932000 : Initiated logon request
20230425-01:30:02.418377000 : Timed out waiting for logon response
20230425-01:30:02.418395000 : Disconnecting
20230425-01:30:02.418841000 : Initiated logon request
20230425-01:30:22.446874000 : Connecting to localhost on port 16001 (Source :0)
20230425-01:30:22.447348000 : Initiated logon request
20230425-01:30:32.926075000 : Timed out waiting for logon response
20230425-01:30:32.926093000 : Disconnecting
20230425-01:30:32.926513000 : Initiated logon request
20230425-01:30:52.912223000 : Connecting to localhost on port 16001 (Source :0)
20230425-01:30:52.912724000 : Initiated logon request
20230425-01:31:02.418227000 : Timed out waiting for logon response
20230425-01:31:02.418260000 : Disconnecting
20230425-01:31:02.418754000 : Initiated logon request
20230425-01:31:22.357921000 : Connecting to localhost on port 16001 (Source :0)
20230425-01:31:22.358395000 : Initiated logon request
20230425-01:31:32.791631000 : Timed out waiting for logon response
20230425-01:31:32.791656000 : Disconnecting
20230425-01:31:32.792107000 : Initiated logon request
20230425-01:31:52.683539000 : Connecting to localhost on port 16001 (Source :0)
20230425-01:31:52.684014000 : Initiated logon request
20230425-01:32:02.146073000 : Timed out waiting for logon response
20230425-01:32:02.146091000 : Disconnecting
20230425-01:32:02.146504000 : Initiated logon request
20230425-01:32:22.943791000 : Connecting to localhost on port 16001 (Source :0)
20230425-01:32:22.947298000 : Initiated logon request
20230425-01:32:32.387938000 : Timed out waiting for logon response
20230425-01:32:32.387968000 : Disconnecting
20230425-01:32:32.388467000 : Initiated logon request
20230425-01:32:52.194867000 : Connecting to localhost on port 16001 (Source :0)
20230425-01:32:52.195342000 : Initiated logon request
20230425-01:33:02.558781000 : Timed out waiting for logon response
20230425-01:33:02.558807000 : Disconnecting
20230425-01:33:02.559288000 : Initiated logon request
20230425-01:33:22.319743000 : Connecting to localhost on port 16001 (Source :0)
20230425-01:33:22.320290000 : Initiated logon request
20230425-01:33:31.307494000 : Created session
20230425-01:33:31.308061000 : Connecting to localhost on port 16001 (Source :0)
20230425-01:33:31.308615000 : Initiated logon request
